<?xml version="1.0" encoding="UTF-8"?>
<testng-results ignored="0" total="1" passed="1" failed="0" skipped="0">
  <reporter-output>
  </reporter-output>
  <suite started-at="2024-02-05T19:01:13 IST" name="Default suite" finished-at="2024-02-05T19:01:42 IST" duration-ms="29268">
    <groups>
    </groups>
    <test started-at="2024-02-05T19:01:13 IST" name="Default test" finished-at="2024-02-05T19:01:42 IST" duration-ms="29268">
      <class name="BusinessLogic.Cart.AddproductCart">
        <test-method is-config="true" signature="launch_SS()[pri:0, instance:BusinessLogic.Cart.AddproductCart@70e9c95d]" started-at="2024-02-05T19:01:13 IST" name="launch_SS" finished-at="2024-02-05T19:01:20 IST" duration-ms="6940" status="PASS">
          <reporter-output>
          </reporter-output>
        </test-method> <!-- launch_SS -->
        <test-method is-config="true" signature="login_SS()[pri:0, instance:BusinessLogic.Cart.AddproductCart@70e9c95d]" started-at="2024-02-05T19:01:20 IST" name="login_SS" finished-at="2024-02-05T19:01:31 IST" duration-ms="11336" status="PASS">
          <reporter-output>
          </reporter-output>
        </test-method> <!-- login_SS -->
        <test-method signature="add_product()[pri:0, instance:BusinessLogic.Cart.AddproductCart@70e9c95d]" started-at="2024-02-05T19:01:31 IST" name="add_product" finished-at="2024-02-05T19:01:39 IST" duration-ms="7866" status="PASS">
          <reporter-output>
          </reporter-output>
        </test-method> <!-- add_product -->
        <test-method is-config="true" signature="logout_SS()[pri:0, instance:BusinessLogic.Cart.AddproductCart@70e9c95d]" started-at="2024-02-05T19:01:39 IST" name="logout_SS" finished-at="2024-02-05T19:01:42 IST" duration-ms="2619" status="PASS">
          <reporter-output>
          </reporter-output>
        </test-method> <!-- logout_SS -->
        <test-method is-config="true" signature="close_SS()[pri:0, instance:BusinessLogic.Cart.AddproductCart@70e9c95d]" started-at="2024-02-05T19:01:42 IST" name="close_SS" finished-at="2024-02-05T19:01:42 IST" duration-ms="434" status="PASS">
          <reporter-output>
          </reporter-output>
        </test-method> <!-- close_SS -->
      </class> <!-- BusinessLogic.Cart.AddproductCart -->
    </test> <!-- Default test -->
  </suite> <!-- Default suite -->
</testng-results>
